<?xml version="1.0" encoding="UTF-8"?>
<coverage generated="1784589175823" clover="3.2.0">
  <project timestamp="1784589175823" name="All files">
    <metrics statements="36" coveredstatements="36" conditionals="23" coveredconditionals="23" methods="9" coveredmethods="9" elements="68" coveredelements="68" complexity="0" loc="36" ncloc="36" packages="1" files="6" classes="6"/>
    <file name="index.ts" path="/Users/tahakhan/Documents/Work/Projects/ZetaLog/packages/shared/src/index.ts">
      <metrics statements="0" coveredstatements="0" conditionals="0" coveredconditionals="0" methods="0" coveredmethods="0"/>
    </file>
    <file name="problems.ts" path="/Users/tahakhan/Documents/Work/Projects/ZetaLog/packages/shared/src/problems.ts">
      <metrics statements="17" coveredstatements="17" conditionals="11" coveredconditionals="11" methods="2" coveredmethods="2"/>
      <line num="22" count="1" type="stmt"/>
      <line num="25" count="1" type="stmt"/>
      <line num="43" count="12" type="stmt"/>
      <line num="44" count="12" type="stmt"/>
      <line num="45" count="12" type="stmt"/>
      <line num="46" count="12" type="stmt"/>
      <line num="47" count="12" type="cond" truecount="5" falsecount="0"/>
      <line num="48" count="5" type="stmt"/>
      <line num="50" count="7" type="stmt"/>
      <line num="51" count="7" type="cond" truecount="2" falsecount="0"/>
      <line num="52" count="1" type="stmt"/>
      <line num="54" count="6" type="stmt"/>
      <line num="59" count="4" type="cond" truecount="4" falsecount="0"/>
      <line num="61" count="1" type="stmt"/>
      <line num="63" count="1" type="stmt"/>
      <line num="65" count="1" type="stmt"/>
      <line num="67" count="1" type="stmt"/>
    </file>
    <file name="result.ts" path="/Users/tahakhan/Documents/Work/Projects/ZetaLog/packages/shared/src/result.ts">
      <metrics statements="2" coveredstatements="2" conditionals="0" coveredconditionals="0" methods="2" coveredmethods="2"/>
      <line num="10" count="6" type="stmt"/>
      <line num="15" count="6" type="stmt"/>
    </file>
    <file name="schemas.ts" path="/Users/tahakhan/Documents/Work/Projects/ZetaLog/packages/shared/src/schemas.ts">
      <metrics statements="6" coveredstatements="6" conditionals="0" coveredconditionals="0" methods="1" coveredmethods="1"/>
      <line num="4" count="1" type="stmt"/>
      <line num="7" count="1" type="stmt"/>
      <line num="9" count="20" type="stmt"/>
      <line num="15" count="1" type="stmt"/>
      <line num="33" count="1" type="stmt"/>
      <line num="44" count="1" type="stmt"/>
    </file>
    <file name="tokens.ts" path="/Users/tahakhan/Documents/Work/Projects/ZetaLog/packages/shared/src/tokens.ts">
      <metrics statements="3" coveredstatements="3" conditionals="0" coveredconditionals="0" methods="0" coveredmethods="0"/>
      <line num="9" count="1" type="stmt"/>
      <line num="24" count="1" type="stmt"/>
      <line num="38" count="1" type="stmt"/>
    </file>
    <file name="zetamac.ts" path="/Users/tahakhan/Documents/Work/Projects/ZetaLog/packages/shared/src/zetamac.ts">
      <metrics statements="8" coveredstatements="8" conditionals="12" coveredconditionals="12" methods="4" coveredmethods="4"/>
      <line num="4" count="1" type="stmt"/>
      <line num="13" count="1" type="stmt"/>
      <line num="25" count="90" type="stmt"/>
      <line num="33" count="24" type="stmt"/>
      <line num="48" count="6" type="stmt"/>
      <line num="52" count="6" type="cond" truecount="2" falsecount="0"/>
      <line num="53" count="9" type="stmt"/>
      <line num="54" count="4" type="cond" truecount="2" falsecount="0"/>
    </file>
  </project>
</coverage>
