<?xml version="1.0" encoding="UTF-8"?>
<coverage generated="1784586811914" clover="3.2.0">
  <project timestamp="1784586811914" name="All files">
    <metrics statements="3" coveredstatements="3" conditionals="0" coveredconditionals="0" methods="0" coveredmethods="0" elements="3" coveredelements="3" complexity="0" loc="3" ncloc="3" packages="1" files="2" classes="2"/>
    <file name="index.ts" path="/Users/tahakhan/Documents/Work/Projects/ZetaLog/packages/shared/src/index.ts">
      <metrics statements="0" coveredstatements="0" conditionals="0" coveredconditionals="0" methods="0" coveredmethods="0"/>
    </file>
    <file name="tokens.ts" path="/Users/tahakhan/Documents/Work/Projects/ZetaLog/packages/shared/src/tokens.ts">
      <metrics statements="3" coveredstatements="3" conditionals="0" coveredconditionals="0" methods="0" coveredmethods="0"/>
      <line num="9" count="1" type="stmt"/>
      <line num="24" count="1" type="stmt"/>
      <line num="38" count="1" type="stmt"/>
    </file>
  </project>
</coverage>
