{"/Users/tahakhan/Documents/Work/Projects/ZetaLog/packages/shared/src/index.ts": {"path":"/Users/tahakhan/Documents/Work/Projects/ZetaLog/packages/shared/src/index.ts","statementMap":{},"fnMap":{},"branchMap":{},"s":{},"f":{},"b":{},"meta":{"lastBranch":0,"lastFunction":0,"lastStatement":0,"seen":{},"fnNames":{}}}
,"/Users/tahakhan/Documents/Work/Projects/ZetaLog/packages/shared/src/tokens.ts": {"path":"/Users/tahakhan/Documents/Work/Projects/ZetaLog/packages/shared/src/tokens.ts","statementMap":{"0":{"start":{"line":9,"column":23},"end":{"line":15,"column":null}},"1":{"start":{"line":24,"column":21},"end":{"line":32,"column":null}},"2":{"start":{"line":38,"column":26},"end":{"line":60,"column":null}}},"fnMap":{},"branchMap":{},"s":{"0":1,"1":1,"2":1},"f":{},"b":{},"meta":{"lastBranch":0,"lastFunction":0,"lastStatement":3,"seen":{"s:9:23:15:Infinity":0,"s:24:21:32:Infinity":1,"s:38:26:60:Infinity":2},"fnNames":{}}}
}
