{"/Users/tahakhan/Documents/Work/Projects/ZetaLog/packages/shared/src/index.ts": {"path":"/Users/tahakhan/Documents/Work/Projects/ZetaLog/packages/shared/src/index.ts","statementMap":{},"fnMap":{},"branchMap":{},"s":{},"f":{},"b":{},"meta":{"lastBranch":0,"lastFunction":0,"lastStatement":0,"seen":{},"fnNames":{}}}
,"/Users/tahakhan/Documents/Work/Projects/ZetaLog/packages/shared/src/schemas.ts": {"path":"/Users/tahakhan/Documents/Work/Projects/ZetaLog/packages/shared/src/schemas.ts","statementMap":{"0":{"start":{"line":4,"column":20},"end":{"line":4,"column":null}},"1":{"start":{"line":7,"column":34},"end":{"line":9,"column":null}},"2":{"start":{"line":9,"column":21},"end":{"line":9,"column":45}},"3":{"start":{"line":15,"column":37},"end":{"line":25,"column":null}},"4":{"start":{"line":33,"column":31},"end":{"line":37,"column":null}},"5":{"start":{"line":44,"column":32},"end":{"line":51,"column":null}}},"fnMap":{"0":{"name":"(anonymous_0)","decl":{"start":{"line":9,"column":3},"end":{"line":9,"column":11}},"loc":{"start":{"line":9,"column":21},"end":{"line":9,"column":45}},"line":9}},"branchMap":{},"s":{"0":1,"1":1,"2":20,"3":1,"4":1,"5":1},"f":{"0":20},"b":{},"meta":{"lastBranch":0,"lastFunction":1,"lastStatement":6,"seen":{"s:4:20:4:Infinity":0,"s:7:34:9:Infinity":1,"f:9:3:9:11":0,"s:9:21:9:45":2,"s:15:37:25:Infinity":3,"s:33:31:37:Infinity":4,"s:44:32:51:Infinity":5},"fnNames":{}}}
,"/Users/tahakhan/Documents/Work/Projects/ZetaLog/packages/shared/src/tokens.ts": {"path":"/Users/tahakhan/Documents/Work/Projects/ZetaLog/packages/shared/src/tokens.ts","statementMap":{"0":{"start":{"line":9,"column":23},"end":{"line":15,"column":null}},"1":{"start":{"line":24,"column":21},"end":{"line":32,"column":null}},"2":{"start":{"line":38,"column":26},"end":{"line":60,"column":null}}},"fnMap":{},"branchMap":{},"s":{"0":1,"1":1,"2":1},"f":{},"b":{},"meta":{"lastBranch":0,"lastFunction":0,"lastStatement":3,"seen":{"s:9:23:15:Infinity":0,"s:24:21:32:Infinity":1,"s:38:26:60:Infinity":2},"fnNames":{}}}
}
